0 info it worked if it ends with ok
1 verbose cli [ 'C:\\Node\\node.exe',
1 verbose cli   'C:\\Node\\node_modules\\npm\\bin\\npm-cli.js',
1 verbose cli   'run',
1 verbose cli   'examples' ]
2 info using npm@3.5.4
3 info using node@v4.2.4
4 verbose config Skipping project config: C:\Users\Tyrone.Fields/.npmrc. (matches userconfig)
5 verbose stack Error: ENOENT: no such file or directory, open 'C:\Users\Tyrone.Fields\package.json'
5 verbose stack     at Error (native)
6 verbose cwd C:\Users\Tyrone.Fields\PASBA
7 error Windows_NT 6.1.7601
8 error argv "C:\\Node\\node.exe" "C:\\Node\\node_modules\\npm\\bin\\npm-cli.js" "run" "examples"
9 error node v4.2.4
10 error npm  v3.5.4
11 error path C:\Users\Tyrone.Fields\package.json
12 error code ENOENT
13 error errno -4058
14 error syscall open
15 error enoent ENOENT: no such file or directory, open 'C:\Users\Tyrone.Fields\package.json'
16 error enoent ENOENT: no such file or directory, open 'C:\Users\Tyrone.Fields\package.json'
16 error enoent This is most likely not a problem with npm itself
16 error enoent and is related to npm not being able to find a file.
17 verbose exit [ -4058, true ]
